<?xml version="1.0" encoding="UTF-8"?>
<testng-results skipped="0" failed="0" ignored="0" total="1" passed="1">
  <reporter-output>
  </reporter-output>
  <suite name="day1.NewTest" duration-ms="8802" started-at="2022-07-30T06:45:04Z" finished-at="2022-07-30T06:45:13Z">
    <groups>
    </groups>
    <test name="Command line test" duration-ms="8802" started-at="2022-07-30T06:45:04Z" finished-at="2022-07-30T06:45:13Z">
      <class name="day1.NewTest">
        <test-method status="PASS" signature="f()[pri:0, instance:day1.NewTest@34b7bfc0]" name="f" duration-ms="8770" started-at="2022-07-30T06:45:04Z" finished-at="2022-07-30T06:45:13Z">
          <reporter-output>
          </reporter-output>
        </test-method> <!-- f -->
      </class> <!-- day1.NewTest -->
    </test> <!-- Command line test -->
  </suite> <!-- day1.NewTest -->
</testng-results>
