<?xml version="1.0" encoding="UTF-8"?>
<testng-results ignored="0" total="1" passed="1" failed="0" skipped="0">
  <reporter-output>
  </reporter-output>
  <suite started-at="2022-07-30T06:33:35Z" name="Default suite" finished-at="2022-07-30T06:33:45Z" duration-ms="9713">
    <groups>
    </groups>
    <test started-at="2022-07-30T06:33:35Z" name="Default test" finished-at="2022-07-30T06:33:45Z" duration-ms="9713">
      <class name="day1.NewTest">
        <test-method signature="f()[pri:0, instance:day1.NewTest@32910148]" started-at="2022-07-30T06:33:35Z" name="f" finished-at="2022-07-30T06:33:45Z" duration-ms="9685" status="PASS">
          <reporter-output>
          </reporter-output>
        </test-method> <!-- f -->
      </class> <!-- day1.NewTest -->
    </test> <!-- Default test -->
  </suite> <!-- Default suite -->
</testng-results>
